<html>
<body>
<pre>
<h1>Vision Build Log</h1>
<h2>Project:</h2>
C:\Users\杨勇\Desktop\新建文件夹 (2)\扩展测试例程-WIFI模块ESP8266测试（需要接此功能模块才能运行）\Project\RVMDK（uv4）\STM32.uvproj
Project File Date:  01/12/2018

<h2>Output:</h2>
Rebuild target 'ESP8266'
assembling startup_stm32f10x_hd.s...
compiling core_cm3.c...
compiling system_stm32f10x.c...
compiling misc.c...
compiling stm32f10x_adc.c...
compiling stm32f10x_bkp.c...
compiling stm32f10x_can.c...
compiling stm32f10x_cec.c...
compiling stm32f10x_crc.c...
compiling stm32f10x_dac.c...
compiling stm32f10x_dbgmcu.c...
compiling stm32f10x_dma.c...
compiling stm32f10x_exti.c...
compiling stm32f10x_flash.c...
compiling stm32f10x_fsmc.c...
compiling stm32f10x_gpio.c...
compiling stm32f10x_i2c.c...
compiling stm32f10x_iwdg.c...
compiling stm32f10x_pwr.c...
compiling stm32f10x_rcc.c...
compiling stm32f10x_rtc.c...
compiling stm32f10x_sdio.c...
compiling stm32f10x_spi.c...
compiling stm32f10x_tim.c...
compiling stm32f10x_usart.c...
compiling stm32f10x_wwdg.c...
compiling main.c...
compiling stm32f10x_it.c...
compiling bsp_usart1.c...
compiling bsp_usart2.c...
compiling bsp_gpio.c...
compiling bsp_SysTick.c...
compiling wifi_config.c...
compiling wifi_function.c...
..\..\User\wifi\wifi_function.c(359): warning:  #192-D: unrecognized character escape sequence
        PC_Usart ( "\r\connected successfully!\r\n" );
..\..\User\wifi\wifi_function.c(361): warning:  #192-D: unrecognized character escape sequence
        PC_Usart ( "\r\ESP8266_SendString...\r\n" );
..\..\User\wifi\wifi_function.c(364): warning:  #192-D: unrecognized character escape sequence
        PC_Usart ( "\r\ESP8266 SendString successfully\r\n" );
..\..\User\wifi\wifi_function.c(338): warning:  #177-D: variable "cStrInput" was declared but never referenced
        char cStrInput [100] = { 0 }, * pStrDelimiter [2], * pBuf, * pStr;
..\..\User\wifi\wifi_function.c(338): warning:  #177-D: variable "pStrDelimiter" was declared but never referenced
        char cStrInput [100] = { 0 }, * pStrDelimiter [2], * pBuf, * pStr;
..\..\User\wifi\wifi_function.c(338): warning:  #177-D: variable "pBuf" was declared but never referenced
        char cStrInput [100] = { 0 }, * pStrDelimiter [2], * pBuf, * pStr;
..\..\User\wifi\wifi_function.c(338): warning:  #177-D: variable "pStr" was declared but never referenced
        char cStrInput [100] = { 0 }, * pStrDelimiter [2], * pBuf, * pStr;
..\..\User\wifi\wifi_function.c(339): warning:  #177-D: variable "uc" was declared but never referenced
        u8 uc = 0;
..\..\User\wifi\wifi_function.c(340): warning:  #177-D: variable "ul" was declared but never referenced
    u32 ul = 0;
..\..\User\wifi\wifi_function.c: 9 warnings, 0 errors
linking...
Program Size: Code=7012 RO-data=336 RW-data=48 ZI-data=2056  
FromELF: creating hex file...
"..\..\Output\Template.axf" - 0 Error(s), 9 Warning(s).
</pre>
</body>
</html>
late.axf" 
Full Chip Erase Done.
Programming Done.
Verify OK.
Application running ...
ined
  extern _ARMABI int _vsscanf(const char * __restrict /*s*/, const char * __restrict /*format*/, __va_list) __attribute__((__nonnull__(1,2)));
C:\Keil_v5\ARM\ARMCC\bin\..\include\stdio.h(526): error:  #20: identifier "__va_list" is undefined
  extern _ARMABI int vprintf(const char * __restrict /*format*/, __va_list /*arg*/) __attribute__((__nonnull__(1)));
C:\Keil_v5\ARM\ARMCC\bin\..\include\stdio.h(534): error:  #20: identifier "__va_list" is undefined
  extern _ARMABI int _vprintf(const char * __restrict /*format*/, __va_list /*arg*/) __attribute__((__nonnull__(1)));
C:\Keil_v5\ARM\ARMCC\bin\..\include\stdio.h(541): error:  #20: identifier "__va_list" is undefined
                      const char * __restrict /*format*/, __va_list /*arg*/) __attribute__((__nonnull__(1,2)));
C:\Keil_v5\ARM\ARMCC\bin\..\include\stdio.h(551): error:  #20: identifier "__va_list" is undefined
                       const char * __restrict /*format*/, __va_list /*arg*/) __attribute__((__nonnull__(1,2)));
C:\Keil_v5\ARM\ARMCC\bin\..\include\stdio.h(561): error:  #20: identifier "size_t" is undefined
  extern _ARMABI int vsnprintf(char * __restrict /*s*/, size_t /*n*/,
C:\Keil_v5\ARM\ARMCC\bin\..\include\stdio.h(562): error:  #20: identifier "__va_list" is undefined
                       const char * __restrict /*format*/, __va_list /*arg*/) __attribute__((__nonnull__(3)));
C:\Keil_v5\ARM\ARMCC\bin\..\include\stdio.h(574): error:  #20: identifier "__va_list" is undefined
                        const char * __restrict /*format*/, __va_list /*arg*/) __attribute__((__nonnull__(1,2)));
C:\Keil_v5\ARM\ARMCC\bin\..\include\stdio.h(581): error:  #20: identifier "__va_list" is undefined
                       const char * __restrict /*format*/, __va_list /*arg*/) __attribute__((__nonnull__(1,2)));
C:\Keil_v5\ARM\ARMCC\bin\..\include\stdio.h(587): error:  #20: identifier "size_t" is undefined
  extern _ARMABI int _vsnprintf(char * __restrict /*s*/, size_t /*n*/,
C:\Keil_v5\ARM\ARMCC\bin\..\include\stdio.h(588): error:  #20: identifier "__va_list" is undefined
                        const char * __restrict /*format*/, __va_list /*arg*/) __attribute__((__nonnull__(3)));
C:\Keil_v5\ARM\ARMCC\bin\..\include\stdio.h(723): error:  #20: identifier "size_t" is undefined
  extern _ARMABI size_t fread(void * __restrict /*ptr*/,
C:\Keil_v5\ARM\ARMCC\bin\..\include\stdio.h(724): error:  #20: identifier "size_t" is undefined
                      size_t /*size*/, size_t /*nmemb*/, FILE * __restrict /*stream*/) __attribute__((__nonnull__(1,4)));
C:\Keil_v5\ARM\ARMCC\bin\..\include\stdio.h(724): error:  #20: identifier "size_t" is undefined
                      size_t /*size*/, size_t /*nmemb*/, FILE * __restrict /*stream*/) __attribute__((__nonnull__(1,4)));
C:\Keil_v5\ARM\ARMCC\bin\..\include\stdio.h(739): error:  #20: identifier "size_t" is undefined
  extern _ARMABI size_t __fread_bytes_avail(void * __restrict /*ptr*/,
C:\Keil_v5\ARM\ARMCC\bin\..\include\stdio.h(740): error:  #20: identifier "size_t" is undefined
                      size_t /*count*/, FILE * __restrict /*stream*/) __attribute__((__nonnull__(1,3)));
C:\Keil_v5\ARM\ARMCC\bin\..\include\stdio.h(755): error:  #20: identifier "size_t" is undefined
  extern _ARMABI size_t fwrite(const void * __restrict /*ptr*/,
C:\Keil_v5\ARM\ARMCC\bin\..\include\stdio.h(756): error:  #20: identifier "size_t" is undefined
                      size_t /*size*/, size_t /*nmemb*/, FILE * __restrict /*stream*/) __attribute__((__nonnull__(1,4)));
C:\Keil_v5\ARM\ARMCC\bin\..\include\stdio.h(756): error:  #20: identifier "size_t" is undefined
                      size_t /*size*/, size_t /*nmemb*/, FILE * __restrict /*stream*/) __attribute__((__nonnull__(1,4)));
C:\Keil_v5\ARM\ARMCC\bin\..\include\stdio.h(767): error:  #757: variable "fpos_t" is not a type name
  extern _ARMABI int fgetpos(FILE * __restrict /*stream*/, fpos_t * __restrict /*pos*/) __attribute__((__nonnull__(1,2)));
C:\Keil_v5\ARM\ARMCC\bin\..\include\stdio.h(795): error:  #757: variable "fpos_t" is not a type name
  extern _ARMABI int fsetpos(FILE * __restrict /*stream*/, const fpos_t * __restrict /*pos*/) __attribute__((__nonnull__(1,2)));
..\..\User\wifi\wifi_function.c: 0 warnings, 30 errors
"..\..\Output\Template.axf" - 31 Error(s), 4 Warning(s).
Target not created
